<?xml version="1.0" encoding="UTF-8"?>
<!-- Generated by org.testng.reporters.JUnitXMLReporter -->
<testsuite ignored="0" hostname="DESKTOP-B0H8JDH" failures="1" tests="2" name="BulkW9PaymentSelectedRecipient(failed)" time="255.715" errors="0" timestamp="2023-04-24T01:37:38 IST">
  <testcase classname="com.zenwork.smoke.ValidateBulkW9PaymentSelectedRecipient" name="businessTypeAddPayer" time="81.646"/>
  <testcase classname="com.zenwork.smoke.ValidateBulkW9PaymentSelectedRecipient" name="validateRequestW9SelectedRecpient" time="171.299">
    <failure type="java.lang.RuntimeException" message="element was not loaded:xpath:-://p[text()=&amp;apos;Request sent successfully&amp;apos;]">
      <![CDATA[java.lang.RuntimeException: element was not loaded:xpath:-://p[text()='Request sent successfully']
at com.zenwork.library.AppLibrary.waitTillElementLoaded(AppLibrary.java:1227)
at com.zenwork.pageObject.ManageRecipient.sendBulkW9RequestForSelectedRecipient(ManageRecipient.java:175)
at com.zenwork.smoke.ValidateBulkW9PaymentSelectedRecipient.validateRequestW9SelectedRecpient(ValidateBulkW9PaymentSelectedRecipient.java:81)
at java.base/java.util.ArrayList.forEach(ArrayList.java:1511)
at java.base/java.util.concurrent.FutureTask.run(FutureTask.java:264)
at java.base/java.util.concurrent.ThreadPoolExecutor.runWorker(ThreadPoolExecutor.java:1136)
at java.base/java.util.concurrent.ThreadPoolExecutor$Worker.run(ThreadPoolExecutor.java:635)
at java.base/java.lang.Thread.run(Thread.java:833)
... Removed 18 stack frames]]>
    </failure>
  </testcase> <!-- validateRequestW9SelectedRecpient -->
</testsuite> <!-- BulkW9PaymentSelectedRecipient(failed) -->
