<?xml version="1.0" encoding="UTF-8"?>
<!-- Generated by org.testng.reporters.JUnitXMLReporter -->
<testsuite ignored="0" hostname="DESKTOP-B0H8JDH" failures="1" tests="2" name="BulkW8PaymentAllRecipient(failed)" time="276.071" errors="0" timestamp="2023-04-24T01:37:59 IST">
  <testcase classname="com.zenwork.smoke.ValidateBulkW8PaymentAllRecipient" name="businessTypeAddPayer" time="81.268"/>
  <testcase classname="com.zenwork.smoke.ValidateBulkW8PaymentAllRecipient" name="validateRequestW8AllRecipient" time="191.968">
    <failure type="java.lang.RuntimeException" message="element was not loaded:id:-:ddlBulkW8List">
      <![CDATA[java.lang.RuntimeException: element was not loaded:id:-:ddlBulkW8List
at com.zenwork.library.AppLibrary.waitTillElementLoaded(AppLibrary.java:1227)
at com.zenwork.pageObject.ManageRecipient.sendBulkW8RequestForAllRecipient(ManageRecipient.java:153)
at com.zenwork.smoke.ValidateBulkW8PaymentAllRecipient.validateRequestW8AllRecipient(ValidateBulkW8PaymentAllRecipient.java:84)
at java.base/java.util.ArrayList.forEach(ArrayList.java:1511)
at java.base/java.util.concurrent.FutureTask.run(FutureTask.java:264)
at java.base/java.util.concurrent.ThreadPoolExecutor.runWorker(ThreadPoolExecutor.java:1136)
at java.base/java.util.concurrent.ThreadPoolExecutor$Worker.run(ThreadPoolExecutor.java:635)
at java.base/java.lang.Thread.run(Thread.java:833)
... Removed 18 stack frames]]>
    </failure>
  </testcase> <!-- validateRequestW8AllRecipient -->
</testsuite> <!-- BulkW8PaymentAllRecipient(failed) -->
