<?xml version="1.0" encoding="UTF-8"?>
<!-- Generated by org.testng.reporters.JUnitXMLReporter -->
<testsuite ignored="0" hostname="DESKTOP-B0H8JDH" failures="1" tests="1" name="PrepayPaymentForNECForm(failed)" time="108.035" errors="0" timestamp="2023-04-24T01:35:11 IST">
  <testcase classname="com.zenwork.smoke.PrepayPaymntForNecForm" name="CardPaymentMiscFormValidation" time="106.133">
    <failure type="java.lang.Exception" message="Failed to click element, Locator: id:-:selectallGlobal">
      <![CDATA[java.lang.Exception: Failed to click element, Locator: id:-:selectallGlobal
at com.zenwork.library.AppLibrary.clickElement(AppLibrary.java:731)
at com.zenwork.pageObject.NecSubmitPayersPage.selectAllDetails(NecSubmitPayersPage.java:46)
at com.zenwork.smoke.PrepayPaymntForNecForm.CardPaymentMiscFormValidation(PrepayPaymntForNecForm.java:86)
at java.base/java.util.ArrayList.forEach(ArrayList.java:1511)
at java.base/java.util.concurrent.FutureTask.run(FutureTask.java:264)
at java.base/java.util.concurrent.ThreadPoolExecutor.runWorker(ThreadPoolExecutor.java:1136)
at java.base/java.util.concurrent.ThreadPoolExecutor$Worker.run(ThreadPoolExecutor.java:635)
at java.base/java.lang.Thread.run(Thread.java:833)
... Removed 18 stack frames]]>
    </failure>
  </testcase> <!-- CardPaymentMiscFormValidation -->
</testsuite> <!-- PrepayPaymentForNECForm(failed) -->
