<?xml version="1.0" encoding="UTF-8"?>
<!-- Generated by org.testng.reporters.JUnitXMLReporter -->
<testsuite ignored="0" hostname="DESKTOP-B0H8JDH" failures="1" tests="2" name="SingleFormStateFiling(failed)" time="99.924" errors="0" timestamp="2023-04-24T01:39:37 IST">
  <testcase classname="com.zenwork.smoke.ValidateSingleFormStateFiling" name="addPayerAndRecipient" time="98.27">
    <failure type="java.lang.Exception" message="Failed to click element, Locator: xpath:-://td//input[@class=&amp;apos;chkbxq&amp;apos;]">
      <![CDATA[java.lang.Exception: Failed to click element, Locator: xpath:-://td//input[@class='chkbxq']
at com.zenwork.library.AppLibrary.clickElement(AppLibrary.java:731)
at com.zenwork.pageObject.NecSubmitPayersPage.submitSinglePayerForm(NecSubmitPayersPage.java:94)
at com.zenwork.smoke.ValidateSingleFormStateFiling.addPayerAndRecipient(ValidateSingleFormStateFiling.java:78)
at java.base/java.util.ArrayList.forEach(ArrayList.java:1511)
at java.base/java.util.concurrent.FutureTask.run(FutureTask.java:264)
at java.base/java.util.concurrent.ThreadPoolExecutor.runWorker(ThreadPoolExecutor.java:1136)
at java.base/java.util.concurrent.ThreadPoolExecutor$Worker.run(ThreadPoolExecutor.java:635)
at java.base/java.lang.Thread.run(Thread.java:833)
... Removed 18 stack frames]]>
    </failure>
  </testcase> <!-- addPayerAndRecipient -->
  <testcase classname="com.zenwork.smoke.ValidateSingleFormStateFiling" name="singleFormStateFiling" time="0.0">
    <skipped/>
  </testcase> <!-- singleFormStateFiling -->
</testsuite> <!-- SingleFormStateFiling(failed) -->
