<?xml version="1.0" encoding="UTF-8"?>
<!-- Generated by org.testng.reporters.JUnitXMLReporter -->
<testsuite ignored="0" hostname="DESKTOP-B0H8JDH" failures="1" tests="2" name="TinMatchForSingleRecipient(failed)" time="329.684" errors="0" timestamp="2023-04-24T01:40:40 IST">
  <testcase classname="com.zenwork.smoke.ValidateTinMatchRequestForSingleRecipient" name="businessTypeAddPayer" time="48.498"/>
  <testcase classname="com.zenwork.smoke.ValidateTinMatchRequestForSingleRecipient" name="validateRequestTinMatch" time="278.386">
    <failure type="java.lang.RuntimeException" message="element was not loaded:xpath:-://p[text()=&amp;apos;TIN match request successful.&amp;apos;]">
      <![CDATA[java.lang.RuntimeException: element was not loaded:xpath:-://p[text()='TIN match request successful.']
at com.zenwork.library.AppLibrary.waitTillElementLoaded(AppLibrary.java:1227)
at com.zenwork.pageObject.ManageRecipient.requestTinMatchWithPrepayForSingleRecipient(ManageRecipient.java:204)
at com.zenwork.smoke.ValidateTinMatchRequestForSingleRecipient.validateRequestTinMatch(ValidateTinMatchRequestForSingleRecipient.java:85)
at java.base/java.util.ArrayList.forEach(ArrayList.java:1511)
at java.base/java.util.concurrent.FutureTask.run(FutureTask.java:264)
at java.base/java.util.concurrent.ThreadPoolExecutor.runWorker(ThreadPoolExecutor.java:1136)
at java.base/java.util.concurrent.ThreadPoolExecutor$Worker.run(ThreadPoolExecutor.java:635)
at java.base/java.lang.Thread.run(Thread.java:833)
... Removed 18 stack frames]]>
    </failure>
  </testcase> <!-- validateRequestTinMatch -->
</testsuite> <!-- TinMatchForSingleRecipient(failed) -->
