<?xml version="1.0" encoding="UTF-8"?>
<!-- Generated by org.testng.reporters.JUnitXMLReporter -->
<testsuite ignored="1" hostname="DESKTOP-B0H8JDH" failures="1" tests="1" name="W9Request(failed)" time="34.923" errors="0" timestamp="2023-04-24T01:37:57 IST">
  <testcase classname="com.zenwork.smoke.ValidateW9PaymentRequest" name="validateRequestW9" time="33.252">
    <failure type="java.lang.IllegalArgumentException" message="Keys to send should be a not null CharSequence">
      <![CDATA[java.lang.IllegalArgumentException: Keys to send should be a not null CharSequence
at org.openqa.selenium.remote.RemoteWebElement.sendKeys(RemoteWebElement.java:98)
at com.zenwork.library.AppLibrary.enterText(AppLibrary.java:697)
at com.zenwork.pageObject.ManageRecipient.selectPayerFromDropdown(ManageRecipient.java:86)
at com.zenwork.smoke.ValidateW9PaymentRequest.validateRequestW9(ValidateW9PaymentRequest.java:79)
at java.base/java.util.ArrayList.forEach(ArrayList.java:1511)
at java.base/java.util.concurrent.FutureTask.run(FutureTask.java:264)
at java.base/java.util.concurrent.ThreadPoolExecutor.runWorker(ThreadPoolExecutor.java:1136)
at java.base/java.util.concurrent.ThreadPoolExecutor$Worker.run(ThreadPoolExecutor.java:635)
at java.base/java.lang.Thread.run(Thread.java:833)
... Removed 18 stack frames]]>
    </failure>
  </testcase> <!-- validateRequestW9 -->
  <testcase classname="com.zenwork.smoke.ValidateW9PaymentRequest" name="businessTypeAddPayer" time="0.0">
    <ignored/>
  </testcase> <!-- businessTypeAddPayer -->
</testsuite> <!-- W9Request(failed) -->
