<?xml version="1.0" encoding="UTF-8"?>
<!-- Generated by org.testng.reporters.JUnitXMLReporter -->
<testsuite ignored="0" hostname="DESKTOP-B0H8JDH" failures="0" tests="2" name="AddIndividualTypeRecipient" time="184.651" errors="0" timestamp="2023-04-24T15:22:39 IST">
  <testcase classname="com.zenwork.smoke.ValidateIndividualTypeAddRecipient" name="businessTypeAddPayer" time="105.545"/>
  <testcase classname="com.zenwork.smoke.ValidateIndividualTypeAddRecipient" name="individualTypeAddRecipient" time="76.511"/>
</testsuite> <!-- AddIndividualTypeRecipient -->
