<?xml version="1.0" encoding="UTF-8"?>
<!-- Generated by org.testng.reporters.JUnitXMLReporter -->
<testsuite ignored="0" hostname="DESKTOP-B0H8JDH" failures="1" tests="1" name="AddIndividualTypePayer" time="493.802" errors="0" timestamp="2023-04-24T15:26:17 IST">
  <testcase classname="com.zenwork.smoke.ValidateIndividualTypePayerAdded" name="individualTypeAddPayer" time="492.204">
    <failure type="java.lang.Exception" message="Failed to click element, Locator: xpath:-://a[text()=&amp;apos;Manage Payer&amp;apos;]">
      <![CDATA[java.lang.Exception: Failed to click element, Locator: xpath:-://a[text()='Manage Payer']
at com.zenwork.library.AppLibrary.clickElement(AppLibrary.java:731)
at com.zenwork.pageObject.People.selectManagePayer(People.java:35)
at com.zenwork.smoke.ValidateIndividualTypePayerAdded.individualTypeAddPayer(ValidateIndividualTypePayerAdded.java:51)
at java.base/java.util.ArrayList.forEach(ArrayList.java:1511)
at java.base/java.util.concurrent.FutureTask.run(FutureTask.java:264)
at java.base/java.util.concurrent.ThreadPoolExecutor.runWorker(ThreadPoolExecutor.java:1136)
at java.base/java.util.concurrent.ThreadPoolExecutor$Worker.run(ThreadPoolExecutor.java:635)
at java.base/java.lang.Thread.run(Thread.java:833)
... Removed 18 stack frames]]>
    </failure>
  </testcase> <!-- individualTypeAddPayer -->
</testsuite> <!-- AddIndividualTypePayer -->
