<?xml version="1.0" encoding="UTF-8"?>
<!-- Generated by org.testng.reporters.JUnitXMLReporter -->
<testsuite ignored="0" hostname="DESKTOP-B0H8JDH" failures="1" tests="2" name="BulkW9PaymentSelectedRecipient" time="141.209" errors="0" timestamp="2023-04-24T15:18:01 IST">
  <testcase classname="com.zenwork.smoke.ValidateBulkW9PaymentSelectedRecipient" name="businessTypeAddPayer" time="61.654"/>
  <testcase classname="com.zenwork.smoke.ValidateBulkW9PaymentSelectedRecipient" name="validateRequestW9SelectedRecpient" time="77.603">
    <failure type="java.lang.Exception" message="Failed to click element, Locator: id:-:alertify-ok">
      <![CDATA[java.lang.Exception: Failed to click element, Locator: id:-:alertify-ok
at com.zenwork.library.AppLibrary.clickElement(AppLibrary.java:731)
at com.zenwork.pageObject.ManageRecipient.sendBulkW9RequestForSelectedRecipient(ManageRecipient.java:175)
at com.zenwork.smoke.ValidateBulkW9PaymentSelectedRecipient.validateRequestW9SelectedRecpient(ValidateBulkW9PaymentSelectedRecipient.java:73)
at java.base/java.util.ArrayList.forEach(ArrayList.java:1511)
at java.base/java.util.concurrent.FutureTask.run(FutureTask.java:264)
at java.base/java.util.concurrent.ThreadPoolExecutor.runWorker(ThreadPoolExecutor.java:1136)
at java.base/java.util.concurrent.ThreadPoolExecutor$Worker.run(ThreadPoolExecutor.java:635)
at java.base/java.lang.Thread.run(Thread.java:833)
... Removed 18 stack frames]]>
    </failure>
  </testcase> <!-- validateRequestW9SelectedRecpient -->
</testsuite> <!-- BulkW9PaymentSelectedRecipient -->
