<?xml version="1.0" encoding="UTF-8"?>
<!-- Generated by org.testng.reporters.JUnitXMLReporter -->
<testsuite ignored="0" hostname="DESKTOP-B0H8JDH" failures="0" tests="2" name="BulkW9PaymentAllRecipient" time="154.314" errors="0" timestamp="2023-04-24T15:18:49 IST">
  <testcase classname="com.zenwork.smoke.ValidateBulkW9PaymentAllRecipient" name="businessTypeAddPayer" time="62.938"/>
  <testcase classname="com.zenwork.smoke.ValidateBulkW9PaymentAllRecipient" name="validateRequestW9AllRecipient" time="89.558"/>
</testsuite> <!-- BulkW9PaymentAllRecipient -->
