<?xml version="1.0" encoding="UTF-8"?>
<!-- Generated by org.testng.reporters.JUnitXMLReporter -->
<testsuite ignored="0" hostname="DESKTOP-B0H8JDH" failures="1" tests="2" name="PdfPortalForSingleRecipient" time="329.051" errors="0" timestamp="2023-04-24T15:31:33 IST">
  <testcase classname="com.zenwork.smoke.ValidateSendPdfPortalForSingleRecipient" name="createPayerAndRecipient" time="141.462"/>
  <testcase classname="com.zenwork.smoke.ValidateSendPdfPortalForSingleRecipient" name="validatePdfPortal" time="184.786">
    <failure type="java.lang.RuntimeException" message="element was not loaded:xpath:-:(//input[@id=&amp;apos;checkbox&amp;apos;])[1]">
      <![CDATA[java.lang.RuntimeException: element was not loaded:xpath:-:(//input[@id='checkbox'])[1]
at com.zenwork.library.AppLibrary.waitTillElementLoaded(AppLibrary.java:1227)
at com.zenwork.pageObject.ManageFormPage.sendPdfToPortalSingleRecipient(ManageFormPage.java:134)
at com.zenwork.smoke.ValidateSendPdfPortalForSingleRecipient.validatePdfPortal(ValidateSendPdfPortalForSingleRecipient.java:97)
at java.base/java.util.ArrayList.forEach(ArrayList.java:1511)
at java.base/java.util.concurrent.FutureTask.run(FutureTask.java:264)
at java.base/java.util.concurrent.ThreadPoolExecutor.runWorker(ThreadPoolExecutor.java:1136)
at java.base/java.util.concurrent.ThreadPoolExecutor$Worker.run(ThreadPoolExecutor.java:635)
at java.base/java.lang.Thread.run(Thread.java:833)
... Removed 18 stack frames]]>
    </failure>
  </testcase> <!-- validatePdfPortal -->
</testsuite> <!-- PdfPortalForSingleRecipient -->
