<?xml version="1.0" encoding="UTF-8"?>
<!-- Generated by org.testng.reporters.JUnitXMLReporter -->
<testsuite ignored="0" hostname="DESKTOP-B0H8JDH" failures="1" tests="2" name="TinMatchForMultipleRecipient" time="194.505" errors="0" timestamp="2023-04-24T15:30:04 IST">
  <testcase classname="com.zenwork.smoke.ValidateTinMatchRequestForMultipleRecipient" name="businessTypeAddPayer" time="62.251"/>
  <testcase classname="com.zenwork.smoke.ValidateTinMatchRequestForMultipleRecipient" name="validateRequestTinMatch" time="129.501">
    <failure type="java.lang.Exception" message="Failed to click element, Locator: xpath:-://button[text()=&amp;apos;Proceed&amp;apos; and @id=&amp;apos;alertify-ok&amp;apos;]">
      <![CDATA[java.lang.Exception: Failed to click element, Locator: xpath:-://button[text()='Proceed' and @id='alertify-ok']
at com.zenwork.library.AppLibrary.clickElement(AppLibrary.java:731)
at com.zenwork.pageObject.ManageRecipient.multipleRequestTinMatchWithPrepay(ManageRecipient.java:218)
at com.zenwork.smoke.ValidateTinMatchRequestForMultipleRecipient.validateRequestTinMatch(ValidateTinMatchRequestForMultipleRecipient.java:77)
at java.base/java.util.ArrayList.forEach(ArrayList.java:1511)
at java.base/java.util.concurrent.FutureTask.run(FutureTask.java:264)
at java.base/java.util.concurrent.ThreadPoolExecutor.runWorker(ThreadPoolExecutor.java:1136)
at java.base/java.util.concurrent.ThreadPoolExecutor$Worker.run(ThreadPoolExecutor.java:635)
at java.base/java.lang.Thread.run(Thread.java:833)
... Removed 18 stack frames]]>
    </failure>
  </testcase> <!-- validateRequestTinMatch -->
</testsuite> <!-- TinMatchForMultipleRecipient -->
