<?xml version="1.0" encoding="UTF-8"?>
<!-- Generated by org.testng.reporters.JUnitXMLReporter -->
<testsuite ignored="0" hostname="DESKTOP-B0H8JDH" failures="0" tests="2" name="UspsMailingSingleRecipient" time="282.49" errors="0" timestamp="2023-04-24T15:36:01 IST">
  <testcase classname="com.zenwork.smoke.ValidateUspsMailingSingleRecipient" name="createPayerAndRecipient" time="176.289"/>
  <testcase classname="com.zenwork.smoke.ValidateUspsMailingSingleRecipient" name="validateUspsMailPayment" time="103.684"/>
</testsuite> <!-- UspsMailingSingleRecipient -->
