<?xml version="1.0" encoding="UTF-8"?>
<!-- Generated by org.testng.reporters.JUnitXMLReporter -->
<testsuite ignored="0" hostname="DESKTOP-B0H8JDH" failures="1" tests="2" name="UspsMailingMultipleRecipient" time="311.518" errors="0" timestamp="2023-04-24T15:36:45 IST">
  <testcase classname="com.zenwork.smoke.ValidateUspsMailingMultipleRecipient" name="addPayer" time="147.571"/>
  <testcase classname="com.zenwork.smoke.ValidateUspsMailingMultipleRecipient" name="addMultipleRecipients" time="160.862">
    <failure type="java.lang.Exception" message="Failed to click element, Locator: id:-:btnSaveAddNewSame">
      <![CDATA[java.lang.Exception: Failed to click element, Locator: id:-:btnSaveAddNewSame
at com.zenwork.library.AppLibrary.clickElement(AppLibrary.java:731)
at com.zenwork.pageObject.NECFormSingleFiling.addMultipleRecipient(NECFormSingleFiling.java:216)
at com.zenwork.smoke.ValidateUspsMailingMultipleRecipient.addMultipleRecipients(ValidateUspsMailingMultipleRecipient.java:99)
at java.base/java.util.ArrayList.forEach(ArrayList.java:1511)
at java.base/java.util.concurrent.FutureTask.run(FutureTask.java:264)
at java.base/java.util.concurrent.ThreadPoolExecutor.runWorker(ThreadPoolExecutor.java:1136)
at java.base/java.util.concurrent.ThreadPoolExecutor$Worker.run(ThreadPoolExecutor.java:635)
at java.base/java.lang.Thread.run(Thread.java:833)
... Removed 18 stack frames]]>
    </failure>
  </testcase> <!-- addMultipleRecipients -->
</testsuite> <!-- UspsMailingMultipleRecipient -->
