<?xml version="1.0" encoding="UTF-8"?>
<!-- Generated by org.testng.reporters.JUnitXMLReporter -->
<testsuite ignored="0" hostname="DESKTOP-B0H8JDH" failures="1" tests="2" name="W8Request" time="250.385" errors="0" timestamp="2023-04-24T15:26:50 IST">
  <testcase classname="com.zenwork.smoke.ValidateRequestW8ManageRecipient" name="businessTypeAddPayer" time="62.43"/>
  <testcase classname="com.zenwork.smoke.ValidateRequestW8ManageRecipient" name="validateRequestW8" time="185.376">
    <failure type="java.lang.RuntimeException" message="element was not loaded:xpath:-://p[contains(text(),&amp;apos;Spread Sheet Uploaded Successfully&amp;apos;)]">
      <![CDATA[java.lang.RuntimeException: element was not loaded:xpath:-://p[contains(text(),'Spread Sheet Uploaded Successfully')]
at com.zenwork.library.AppLibrary.waitTillElementLoaded(AppLibrary.java:1227)
at com.zenwork.pageObject.ManageRecipient.uploadFile(ManageRecipient.java:120)
at com.zenwork.smoke.ValidateRequestW8ManageRecipient.validateRequestW8(ValidateRequestW8ManageRecipient.java:72)
at java.base/java.util.ArrayList.forEach(ArrayList.java:1511)
at java.base/java.util.concurrent.FutureTask.run(FutureTask.java:264)
at java.base/java.util.concurrent.ThreadPoolExecutor.runWorker(ThreadPoolExecutor.java:1136)
at java.base/java.util.concurrent.ThreadPoolExecutor$Worker.run(ThreadPoolExecutor.java:635)
at java.base/java.lang.Thread.run(Thread.java:833)
... Removed 18 stack frames]]>
    </failure>
  </testcase> <!-- validateRequestW8 -->
</testsuite> <!-- W8Request -->
