<?xml version="1.0" encoding="UTF-8"?>
<!-- Generated by org.testng.reporters.JUnitXMLReporter -->
<testsuite ignored="0" hostname="DESKTOP-B0H8JDH" failures="0" tests="2" name="W9Request" time="177.688" errors="0" timestamp="2023-04-24T15:26:04 IST">
  <testcase classname="com.zenwork.smoke.ValidateW9PaymentRequest" name="businessTypeAddPayer" time="80.093"/>
  <testcase classname="com.zenwork.smoke.ValidateW9PaymentRequest" name="validateRequestW9" time="95.119"/>
</testsuite> <!-- W9Request -->
