<?xml version="1.0" encoding="UTF-8"?>
<!-- Generated by org.testng.reporters.JUnitXMLReporter -->
<testsuite ignored="0" hostname="TTPL-LNV-0131" failures="0" tests="2" name="AddIndividualTypeRecipient" time="100.527" errors="0" timestamp="2023-04-28T16:15:22 IDT">
  <testcase classname="com.zenwork.smoke.ValidateIndividualTypeAddRecipient" name="businessTypeAddPayer" time="44.138"/>
  <testcase classname="com.zenwork.smoke.ValidateIndividualTypeAddRecipient" name="individualTypeAddRecipient" time="55.682"/>
</testsuite> <!-- AddIndividualTypeRecipient -->
