<?xml version="1.0" encoding="UTF-8"?>
<!-- Generated by org.testng.reporters.JUnitXMLReporter -->
<testsuite ignored="0" hostname="TTPL-LNV-0131" failures="0" tests="2" name="BulkW9PaymentAllRecipient" time="135.008" errors="0" timestamp="2023-04-28T16:04:50 IDT">
  <testcase classname="com.zenwork.smoke.ValidateBulkW9PaymentAllRecipient" name="businessTypeAddPayer" time="64.325"/>
  <testcase classname="com.zenwork.smoke.ValidateBulkW9PaymentAllRecipient" name="validateRequestW9AllRecipient" time="70.235"/>
</testsuite> <!-- BulkW9PaymentAllRecipient -->
