<?xml version="1.0" encoding="UTF-8"?>
<!-- Generated by org.testng.reporters.JUnitXMLReporter -->
<testsuite ignored="0" hostname="TTPL-LNV-0131" failures="1" tests="1" name="BulkW8PaymentAllRecipient" time="143.734" errors="0" timestamp="2023-04-28T15:34:25 IDT">
  <testcase classname="com.zenwork.smoke.ValidateBulkW8PaymentAllRecipient" name="businessTypeAddPayer" time="143.279">
    <failure type="java.lang.RuntimeException" message="element was not loaded:id:-:ddlBulkW8List">
      <![CDATA[java.lang.RuntimeException: element was not loaded:id:-:ddlBulkW8List
at com.zenwork.library.AppLibrary.waitTillElementLoaded(AppLibrary.java:1227)
at com.zenwork.pageObject.ManageRecipient.sendBulkW8RequestForAllRecipient(ManageRecipient.java:166)
at com.zenwork.smoke.ValidateBulkW8PaymentAllRecipient.businessTypeAddPayer(ValidateBulkW8PaymentAllRecipient.java:64)
at java.base/java.util.ArrayList.forEach(ArrayList.java:1511)
at java.base/java.util.concurrent.FutureTask.run(FutureTask.java:264)
at java.base/java.util.concurrent.ThreadPoolExecutor.runWorker(ThreadPoolExecutor.java:1136)
at java.base/java.util.concurrent.ThreadPoolExecutor$Worker.run(ThreadPoolExecutor.java:635)
at java.base/java.lang.Thread.run(Thread.java:833)
... Removed 18 stack frames]]>
    </failure>
  </testcase> <!-- businessTypeAddPayer -->
</testsuite> <!-- BulkW8PaymentAllRecipient -->
