<?xml version="1.0" encoding="UTF-8"?>
<!-- Generated by org.testng.reporters.JUnitXMLReporter -->
<testsuite ignored="0" hostname="TTPL-LNV-0131" failures="1" tests="1" name="DeleteSinglePayer" time="106.281" errors="0" timestamp="2023-04-28T16:37:28 IDT">
  <testcase classname="com.zenwork.smoke.DeleteSinglePayer" name="businessTypeAddPayer" time="105.608">
    <failure type="java.lang.RuntimeException" message="element was not loaded:xpath:-://p[text()=&amp;apos;Payer Successfully Deleted&amp;apos;]">
      <![CDATA[java.lang.RuntimeException: element was not loaded:xpath:-://p[text()='Payer Successfully Deleted']
at com.zenwork.library.AppLibrary.waitTillElementLoaded(AppLibrary.java:1227)
at com.zenwork.pageObject.ManagePayerPage.deleteAlertifyOk(ManagePayerPage.java:80)
at com.zenwork.smoke.DeleteSinglePayer.businessTypeAddPayer(DeleteSinglePayer.java:62)
at java.base/java.util.ArrayList.forEach(ArrayList.java:1511)
at java.base/java.util.concurrent.FutureTask.run(FutureTask.java:264)
at java.base/java.util.concurrent.ThreadPoolExecutor.runWorker(ThreadPoolExecutor.java:1136)
at java.base/java.util.concurrent.ThreadPoolExecutor$Worker.run(ThreadPoolExecutor.java:635)
at java.base/java.lang.Thread.run(Thread.java:833)
... Removed 18 stack frames]]>
    </failure>
  </testcase> <!-- businessTypeAddPayer -->
</testsuite> <!-- DeleteSinglePayer -->
