<?xml version="1.0" encoding="UTF-8"?>
<!-- Generated by org.testng.reporters.JUnitXMLReporter -->
<testsuite ignored="0" hostname="TTPL-LNV-0131" failures="1" tests="2" name="SendPdfPortalForMultipleRecipient" time="205.939" errors="0" timestamp="2023-04-28T16:55:36 IDT">
  <testcase classname="com.zenwork.smoke.ValidateSendPdfPortalForMultipleRecipient" name="addPayer" time="51.494"/>
  <testcase classname="com.zenwork.smoke.ValidateSendPdfPortalForMultipleRecipient" name="addMultipleRecipients" time="153.61">
    <failure type="java.lang.Exception" message="Failed to click element, Locator: id:-:selectallGlobal">
      <![CDATA[java.lang.Exception: Failed to click element, Locator: id:-:selectallGlobal
at com.zenwork.library.AppLibrary.clickElement(AppLibrary.java:731)
at com.zenwork.pageObject.NecSubmitPayersPage.selectAllDetails(NecSubmitPayersPage.java:53)
at com.zenwork.smoke.ValidateSendPdfPortalForMultipleRecipient.addMultipleRecipients(ValidateSendPdfPortalForMultipleRecipient.java:101)
at java.base/java.util.ArrayList.forEach(ArrayList.java:1511)
at java.base/java.util.concurrent.FutureTask.run(FutureTask.java:264)
at java.base/java.util.concurrent.ThreadPoolExecutor.runWorker(ThreadPoolExecutor.java:1136)
at java.base/java.util.concurrent.ThreadPoolExecutor$Worker.run(ThreadPoolExecutor.java:635)
at java.base/java.lang.Thread.run(Thread.java:833)
... Removed 18 stack frames]]>
    </failure>
  </testcase> <!-- addMultipleRecipients -->
</testsuite> <!-- SendPdfPortalForMultipleRecipient -->
