<?xml version="1.0" encoding="UTF-8"?>
<!-- Generated by org.testng.reporters.JUnitXMLReporter -->
<testsuite ignored="0" hostname="TTPL-LNV-0131" failures="1" tests="1" name="SingleFormStateFiling" time="171.921" errors="0" timestamp="2023-04-28T16:40:20 IDT">
  <testcase classname="com.zenwork.smoke.ValidateSingleFormStateFiling" name="addPayerAndRecipient" time="171.237">
    <failure type="java.lang.RuntimeException" message="element was not loaded:xpath:-://article//nav//button[text()=&amp;apos;OK&amp;apos;]">
      <![CDATA[java.lang.RuntimeException: element was not loaded:xpath:-://article//nav//button[text()='OK']
at com.zenwork.library.AppLibrary.waitTillElementClickable(AppLibrary.java:1291)
at com.zenwork.pageObject.NecSubmitPayersPage.stateFilingSubmitForThisPayer(NecSubmitPayersPage.java:131)
at com.zenwork.smoke.ValidateSingleFormStateFiling.addPayerAndRecipient(ValidateSingleFormStateFiling.java:81)
at java.base/java.util.ArrayList.forEach(ArrayList.java:1511)
at java.base/java.util.concurrent.FutureTask.run(FutureTask.java:264)
at java.base/java.util.concurrent.ThreadPoolExecutor.runWorker(ThreadPoolExecutor.java:1136)
at java.base/java.util.concurrent.ThreadPoolExecutor$Worker.run(ThreadPoolExecutor.java:635)
at java.base/java.lang.Thread.run(Thread.java:833)
... Removed 18 stack frames]]>
    </failure>
  </testcase> <!-- addPayerAndRecipient -->
</testsuite> <!-- SingleFormStateFiling -->
