<?xml version="1.0" encoding="UTF-8"?>
<!-- Generated by org.testng.reporters.JUnitXMLReporter -->
<testsuite ignored="0" hostname="TTPL-LNV-0131" failures="1" tests="2" name="TinMatchForMultipleRecipient" time="159.808" errors="0" timestamp="2023-04-28T16:35:42 IDT">
  <testcase classname="com.zenwork.smoke.ValidateTinMatchRequestForMultipleRecipient" name="businessTypeAddPayer" time="56.308"/>
  <testcase classname="com.zenwork.smoke.ValidateTinMatchRequestForMultipleRecipient" name="validateRequestTinMatch" time="102.771">
    <failure type="java.lang.RuntimeException" message="element was not loaded:xpath:-://article[p[contains(text(),&amp;apos;A TIN match request has been submitted for 10 &amp;apos;)]]//button[text()=&amp;apos;Proceed&amp;apos;]">
      <![CDATA[java.lang.RuntimeException: element was not loaded:xpath:-://article[p[contains(text(),'A TIN match request has been submitted for 10 ')]]//button[text()='Proceed']
at com.zenwork.library.AppLibrary.waitTillElementLoaded(AppLibrary.java:1227)
at com.zenwork.pageObject.ManageRecipient.multipleRequestTinMatchWithPrepay(ManageRecipient.java:229)
at com.zenwork.smoke.ValidateTinMatchRequestForMultipleRecipient.validateRequestTinMatch(ValidateTinMatchRequestForMultipleRecipient.java:79)
at java.base/java.util.ArrayList.forEach(ArrayList.java:1511)
at java.base/java.util.concurrent.FutureTask.run(FutureTask.java:264)
at java.base/java.util.concurrent.ThreadPoolExecutor.runWorker(ThreadPoolExecutor.java:1136)
at java.base/java.util.concurrent.ThreadPoolExecutor$Worker.run(ThreadPoolExecutor.java:635)
at java.base/java.lang.Thread.run(Thread.java:833)
... Removed 18 stack frames]]>
    </failure>
  </testcase> <!-- validateRequestTinMatch -->
</testsuite> <!-- TinMatchForMultipleRecipient -->
