<?xml version="1.0" encoding="UTF-8"?>
<!-- Generated by org.testng.reporters.JUnitXMLReporter -->
<testsuite ignored="0" hostname="TTPL-LNV-0131" failures="0" tests="2" name="W8Request" time="102.452" errors="0" timestamp="2023-04-28T16:18:31 IDT">
  <testcase classname="com.zenwork.smoke.ValidateRequestW8ManageRecipient" name="businessTypeAddPayer" time="48.713"/>
  <testcase classname="com.zenwork.smoke.ValidateRequestW8ManageRecipient" name="validateRequestW8" time="53.229"/>
</testsuite> <!-- W8Request -->
