<?xml version="1.0" encoding="UTF-8"?>
<!-- Generated by org.testng.reporters.JUnitXMLReporter -->
<testsuite ignored="0" hostname="TTPL-LNV-0131" failures="0" tests="2" name="W9Request" time="102.014" errors="0" timestamp="2023-04-28T16:20:13 IDT">
  <testcase classname="com.zenwork.smoke.ValidateW9PaymentRequest" name="businessTypeAddPayer" time="40.618"/>
  <testcase classname="com.zenwork.smoke.ValidateW9PaymentRequest" name="validateRequestW9" time="60.852"/>
</testsuite> <!-- W9Request -->
